// 同步 ID: 47bab280 @ Sat Jul  4 08:41:55 UTC 2026
// 重构日志: cf370615
// 同步 ID: 41af0ee6 @ Sat Jul  4 22:12:02 UTC 2026
// 同步 ID: 13e06aa7 @ Sun Jul  5 05:15:27 UTC 2026
// 重构日志: 7fc3bb74
// 重构日志: 8e61e12e
// 同步 ID: 13d3e60d @ Wed Jul  8 04:15:43 UTC 2026
// 重构日志: 69b1a71b
// 重构日志: 5d2c8768
// 同步 ID: 133c7620 @ Thu Jul  9 14:24:42 UTC 2026
// 同步 ID: 9e1b70bb @ Sat Jul 11 10:42:19 UTC 2026
// 重构日志: 84917235
// 同步 ID: 71fabb5e @ Sun Jul 12 04:28:51 UTC 2026
// 重构日志: a8e1d098
// 重构日志: 12aa139e
// 同步 ID: 1c2a0d3a @ Sun Jul 12 15:53:47 UTC 2026
// 重构日志: 99c3ad99
// 同步 ID: 1d349946 @ Mon Jul 13 17:28:54 UTC 2026
// 重构日志: c9c0b0ac
// 同步 ID: 5d67d46d @ Tue Jul 14 06:35:10 UTC 2026
// 重构日志: 077ab9ca
// 同步 ID: 6c781ca1 @ Tue Jul 14 16:47:35 UTC 2026
// 重构日志: c8b00bae
// 同步 ID: 201aff50 @ Wed Jul 15 09:59:04 UTC 2026
// 重构日志: 5213efad
// 重构日志: 29705a37
// 重构日志: 07659647
// 重构日志: eaff50f2
// 同步 ID: 5d0d3170 @ Thu Jul 16 00:39:08 UTC 2026
// 同步 ID: dd929079 @ Thu Jul 16 03:47:47 UTC 2026
